Running: /opt/Xilinx/14.7/ISE_DS/ISE/bin/lin64/unwrapped/fuse -intstyle ise -incremental -lib unisims_ver -lib unimacro_ver -lib xilinxcorelib_ver -o /mnt/hgfs/shared/week2_verilog/tutorial1_test_isim_beh.exe -prj /mnt/hgfs/shared/week2_verilog/tutorial1_test_beh.prj work.tutorial1_test work.glbl 
ISim P.20131013 (signature 0xfbc00daa)
Number of CPUs detected in this system: 4
Turning on mult-threading, number of parallel sub-compilation jobs: 8 
Determining compilation order of HDL files
Analyzing Verilog file "/mnt/hgfs/shared/week2_verilog/tutorial1.v" into library work
Analyzing Verilog file "/mnt/hgfs/shared/week2_verilog/tutorial1_test.v" into library work
Analyzing Verilog file "/opt/Xilinx/14.7/ISE_DS/ISE//verilog/src/glbl.v" into library work
Starting static elaboration
Completed static elaboration
Fuse Memory Usage: 94916 KB
Fuse CPU Usage: 860 ms
Compiling module tutorial1
Compiling module tutorial1_test
Compiling module glbl
Time Resolution for simulation is 1ps.
Waiting for 1 sub-compilation(s) to finish...
Compiled 3 Verilog Units
Built simulation executable /mnt/hgfs/shared/week2_verilog/tutorial1_test_isim_beh.exe
Fuse Memory Usage: 653036 KB
Fuse CPU Usage: 880 ms
GCC CPU Usage: 150 ms
